<?xml version="1.0" encoding="UTF-8"?>
<!-- Generated by org.testng.reporters.JUnitReportReporter -->
<testsuite skipped="0" hostname="DERIW42SLPC1327" name="testScripts.Tc_Search" tests="1" failures="0" timestamp="19 May 2018 12:32:07 GMT" time="5.926" errors="0">
  <testcase name="search" time="5.926" classname="testScripts.Tc_Search"/>
</testsuite> <!-- testScripts.Tc_Search -->
